<?xml version="1.0" encoding="UTF-8"?>
<!-- Generated by org.testng.reporters.JUnitReportReporter -->
<testsuite skipped="0" hostname="LAPTOP-TLJO43QA" name="TakeScrrenShot.ScreenShot" tests="1" failures="0" timestamp="2021-09-24T12:20:48 IST" time="7.712" errors="0">
  <testcase name="launchUrl" time="7.712" classname="TakeScrrenShot.ScreenShot"/>
  <system-out/>
</testsuite> <!-- TakeScrrenShot.ScreenShot -->
