<?xml version="1.0" encoding="UTF-8"?>
<!-- Generated by org.testng.reporters.JUnitReportReporter -->
<testsuite skipped="0" hostname="LAPTOP-TLJO43QA" name="Goibibo" tests="1" failures="0" timestamp="2021-09-21T22:53:52 IST" time="4.489" errors="0">
  <testcase name="Test_1" time="4.489" classname="Goibibo"/>
  <system-out/>
</testsuite> <!-- Goibibo -->
