<?xml version="1.0" encoding="UTF-8"?>
<!-- Generated by org.testng.reporters.JUnitReportReporter -->
<testsuite skipped="0" hostname="LAPTOP-TLJO43QA" name="MoneyControl" tests="1" failures="0" timestamp="2021-09-30T16:16:00 IST" time="12.127" errors="0">
  <testcase name="Test_1" time="12.127" classname="MoneyControl"/>
  <system-out/>
</testsuite> <!-- MoneyControl -->
